# JRE version: OpenJDK Runtime Environment (8.0_242) (build 1.8.0_242-release-1644-b3-6222593)
# Java VM: OpenJDK 64-Bit Server VM (25.242-b3-6222593 mixed mode bsd-amd64 compressed oops)
Heap:
 PSYoungGen      total 331776K, used 212079K [0x0000000795580000, 0x00000007ac480000, 0x00000007c0000000)
  eden space 299008K, 59% used [0x0000000795580000,0x00000007a049d278,0x00000007a7980000)
  from space 32768K, 99% used [0x00000007a8480000,0x00000007aa47ed70,0x00000007aa480000)
  to   space 32768K, 0% used [0x00000007aa480000,0x00000007aa480000,0x00000007ac480000)
 ParOldGen       total 161280K, used 40043K [0x0000000740000000, 0x0000000749d80000, 0x0000000795580000)
  object space 161280K, 24% used [0x0000000740000000,0x000000074271ade8,0x0000000749d80000)
 Metaspace       used 89916K, capacity 94720K, committed 95064K, reserved 1132544K
  class space    used 11805K, capacity 12771K, committed 12888K, reserved 1048576K
GC Heap History (10 events):
Event: 26.265 GC heap before
{Heap before GC invocations=10 (full 2):
 PSYoungGen      total 209408K, used 169095K [0x0000000795580000, 0x00000007a7680000, 0x00000007c0000000)
  eden space 193536K, 79% used [0x0000000795580000,0x000000079eb26558,0x00000007a1280000)
  from space 15872K, 99% used [0x00000007a1280000,0x00000007a21fb930,0x00000007a2200000)
  to   space 18432K, 0% used [0x00000007a6480000,0x00000007a6480000,0x00000007a7680000)
 ParOldGen       total 108032K, used 14305K [0x0000000740000000, 0x0000000746980000, 0x0000000795580000)
  object space 108032K, 13% used [0x0000000740000000,0x0000000740df8538,0x0000000746980000)
 Metaspace       used 56296K, capacity 58842K, committed 58968K, reserved 1099776K
  class space    used 7433K, capacity 7933K, committed 8024K, reserved 1048576K
Event: 26.296 GC heap after
Heap after GC invocations=10 (full 2):
 PSYoungGen      total 271360K, used 18401K [0x0000000795580000, 0x00000007a8a00000, 0x00000007c0000000)
  eden space 252928K, 0% used [0x0000000795580000,0x0000000795580000,0x00000007a4c80000)
  from space 18432K, 99% used [0x00000007a6480000,0x00000007a7678710,0x00000007a7680000)
  to   space 24576K, 0% used [0x00000007a4c80000,0x00000007a4c80000,0x00000007a6480000)
 ParOldGen       total 108032K, used 21916K [0x0000000740000000, 0x0000000746980000, 0x0000000795580000)
  object space 108032K, 20% used [0x0000000740000000,0x0000000741567178,0x0000000746980000)
 Metaspace       used 56296K, capacity 58842K, committed 58968K, reserved 1099776K
  class space    used 7433K, capacity 7933K, committed 8024K, reserved 1048576K
}
Event: 26.296 GC heap before
{Heap before GC invocations=11 (full 3):
 PSYoungGen      total 271360K, used 18401K [0x0000000795580000, 0x00000007a8a00000, 0x00000007c0000000)
  eden space 252928K, 0% used [0x0000000795580000,0x0000000795580000,0x00000007a4c80000)
  from space 18432K, 99% used [0x00000007a6480000,0x00000007a7678710,0x00000007a7680000)
  to   space 24576K, 0% used [0x00000007a4c80000,0x00000007a4c80000,0x00000007a6480000)
 ParOldGen       total 108032K, used 21916K [0x0000000740000000, 0x0000000746980000, 0x0000000795580000)
  object space 108032K, 20% used [0x0000000740000000,0x0000000741567178,0x0000000746980000)
 Metaspace       used 56296K, capacity 58842K, committed 58968K, reserved 1099776K
  class space    used 7433K, capacity 7933K, committed 8024K, reserved 1048576K
Event: 26.461 GC heap after
Heap after GC invocations=11 (full 3):
 PSYoungGen      total 271360K, used 0K [0x0000000795580000, 0x00000007a8a00000, 0x00000007c0000000)
  eden space 252928K, 0% used [0x0000000795580000,0x0000000795580000,0x00000007a4c80000)
  from space 18432K, 0% used [0x00000007a6480000,0x00000007a6480000,0x00000007a7680000)
  to   space 24576K, 0% used [0x00000007a4c80000,0x00000007a4c80000,0x00000007a6480000)
 ParOldGen       total 161280K, used 38162K [0x0000000740000000, 0x0000000749d80000, 0x0000000795580000)
  object space 161280K, 23% used [0x0000000740000000,0x0000000742544820,0x0000000749d80000)
 Metaspace       used 56217K, capacity 58610K, committed 58968K, reserved 1099776K
  class space    used 7409K, capacity 7897K, committed 8024K, reserved 1048576K
}
Event: 28.916 GC heap before
{Heap before GC invocations=12 (full 3):
 PSYoungGen      total 271360K, used 252928K [0x0000000795580000, 0x00000007a8a00000, 0x00000007c0000000)
  eden space 252928K, 100% used [0x0000000795580000,0x00000007a4c80000,0x00000007a4c80000)
  from space 18432K, 0% used [0x00000007a6480000,0x00000007a6480000,0x00000007a7680000)
  to   space 24576K, 0% used [0x00000007a4c80000,0x00000007a4c80000,0x00000007a6480000)
 ParOldGen       total 161280K, used 38162K [0x0000000740000000, 0x0000000749d80000, 0x0000000795580000)
  object space 161280K, 23% used [0x0000000740000000,0x0000000742544820,0x0000000749d80000)
 Metaspace       used 72283K, capacity 75420K, committed 75608K, reserved 1114112K
  class space    used 9877K, capacity 10510K, committed 10584K, reserved 1048576K
Event: 28.943 GC heap after
Heap after GC invocations=12 (full 3):
 PSYoungGen      total 277504K, used 23814K [0x0000000795580000, 0x00000007ac280000, 0x00000007c0000000)
  eden space 252928K, 0% used [0x0000000795580000,0x0000000795580000,0x00000007a4c80000)
  from space 24576K, 96% used [0x00000007a4c80000,0x00000007a63c1ba8,0x00000007a6480000)
  to   space 28160K, 0% used [0x00000007aa700000,0x00000007aa700000,0x00000007ac280000)
 ParOldGen       total 161280K, used 38170K [0x0000000740000000, 0x0000000749d80000, 0x0000000795580000)
  object space 161280K, 23% used [0x0000000740000000,0x0000000742546820,0x0000000749d80000)
 Metaspace       used 72283K, capacity 75420K, committed 75608K, reserved 1114112K
  class space    used 9877K, capacity 10510K, committed 10584K, reserved 1048576K
}
Event: 33.447 GC heap before
{Heap before GC invocations=13 (full 3):
 PSYoungGen      total 277504K, used 276742K [0x0000000795580000, 0x00000007ac280000, 0x00000007c0000000)
  eden space 252928K, 100% used [0x0000000795580000,0x00000007a4c80000,0x00000007a4c80000)
  from space 24576K, 96% used [0x00000007a4c80000,0x00000007a63c1ba8,0x00000007a6480000)
  to   space 28160K, 0% used [0x00000007aa700000,0x00000007aa700000,0x00000007ac280000)
 ParOldGen       total 161280K, used 38202K [0x0000000740000000, 0x0000000749d80000, 0x0000000795580000)
  object space 161280K, 23% used [0x0000000740000000,0x000000074254eb70,0x0000000749d80000)
 Metaspace       used 80747K, capacity 84944K, committed 85208K, reserved 1122304K
  class space    used 10908K, capacity 11725K, committed 11736K, reserved 1048576K
Event: 33.464 GC heap after
Heap after GC invocations=13 (full 3):
 PSYoungGen      total 338432K, used 28136K [0x0000000795580000, 0x00000007ac480000, 0x00000007c0000000)
  eden space 310272K, 0% used [0x0000000795580000,0x0000000795580000,0x00000007a8480000)
  from space 28160K, 99% used [0x00000007aa700000,0x00000007ac27a198,0x00000007ac280000)
  to   space 32768K, 0% used [0x00000007a8480000,0x00000007a8480000,0x00000007aa480000)
 ParOldGen       total 161280K, used 38939K [0x0000000740000000, 0x0000000749d80000, 0x0000000795580000)
  object space 161280K, 24% used [0x0000000740000000,0x0000000742606f00,0x0000000749d80000)
 Metaspace       used 80747K, capacity 84944K, committed 85208K, reserved 1122304K
  class space    used 10908K, capacity 11725K, committed 11736K, reserved 1048576K
}
Event: 8889.467 GC heap before
{Heap before GC invocations=14 (full 3):
 PSYoungGen      total 338432K, used 338408K [0x0000000795580000, 0x00000007ac480000, 0x00000007c0000000)
  eden space 310272K, 100% used [0x0000000795580000,0x00000007a8480000,0x00000007a8480000)
  from space 28160K, 99% used [0x00000007aa700000,0x00000007ac27a198,0x00000007ac280000)
  to   space 32768K, 0% used [0x00000007a8480000,0x00000007a8480000,0x00000007aa480000)
 ParOldGen       total 161280K, used 38947K [0x0000000740000000, 0x0000000749d80000, 0x0000000795580000)
  object space 161280K, 24% used [0x0000000740000000,0x0000000742608f38,0x0000000749d80000)
 Metaspace       used 88866K, capacity 93482K, committed 93656K, reserved 1130496K
  class space    used 11751K, capacity 12693K, committed 12760K, reserved 1048576K
Event: 8889.735 GC heap after
Heap after GC invocations=14 (full 3):
 PSYoungGen      total 331776K, used 32763K [0x0000000795580000, 0x00000007ac480000, 0x00000007c0000000)
  eden space 299008K, 0% used [0x0000000795580000,0x0000000795580000,0x00000007a7980000)
  from space 32768K, 99% used [0x00000007a8480000,0x00000007aa47ed70,0x00000007aa480000)
  to   space 32768K, 0% used [0x00000007aa480000,0x00000007aa480000,0x00000007ac480000)
 ParOldGen       total 161280K, used 40043K [0x0000000740000000, 0x0000000749d80000, 0x0000000795580000)
  object space 161280K, 24% used [0x0000000740000000,0x000000074271ade8,0x0000000749d80000)
 Metaspace       used 88866K, capacity 93482K, committed 93656K, reserved 1130496K
  class space    used 11751K, capacity 12693K, committed 12760K, reserved 1048576K
}

